[debug] [2020-05-14T15:30:16.069Z] ----------------------------------------------------------------------
[debug] [2020-05-14T15:30:16.070Z] Command:       /usr/bin/node /usr/bin/firebase serve
[debug] [2020-05-14T15:30:16.070Z] CLI Version:   8.2.0
[debug] [2020-05-14T15:30:16.070Z] Platform:      linux
[debug] [2020-05-14T15:30:16.071Z] Node Version:  v10.19.0
[debug] [2020-05-14T15:30:16.071Z] Time:          Thu May 14 2020 16:30:16 GMT+0100 (Western European Summer Time)
[debug] [2020-05-14T15:30:16.071Z] ----------------------------------------------------------------------
[debug] [2020-05-14T15:30:16.071Z] 
[debug] [2020-05-14T15:30:16.076Z] > command requires scopes: ["email","openid","https://www.googleapis.com/auth/cloudplatformprojects.readonly","https://www.googleapis.com/auth/firebase","https://www.googleapis.com/auth/cloud-platform"]
[debug] [2020-05-14T15:30:16.076Z] > authorizing via signed-in user
[debug] [2020-05-14T15:30:16.076Z] [iam] checking project raspy64-55ac5 for permissions ["firebase.projects.get"]
[debug] [2020-05-14T15:30:16.078Z] >>> HTTP REQUEST POST https://cloudresourcemanager.googleapis.com/v1/projects/raspy64-55ac5:testIamPermissions  
 {"permissions":["firebase.projects.get"]}
[debug] [2020-05-14T15:30:17.236Z] <<< HTTP RESPONSE 200 {"content-type":"application/json; charset=UTF-8","vary":"X-Origin, Referer, Origin,Accept-Encoding","date":"Thu, 14 May 2020 15:30:17 GMT","server":"ESF","cache-control":"private","x-xss-protection":"0","x-frame-options":"SAMEORIGIN","x-content-type-options":"nosniff","server-timing":"gfet4t7; dur=736","alt-svc":"h3-27=\":443\"; ma=2592000,h3-25=\":443\"; ma=2592000,h3-T050=\":443\"; ma=2592000,h3-Q050=\":443\"; ma=2592000,h3-Q049=\":443\"; ma=2592000,h3-Q048=\":443\"; ma=2592000,h3-Q046=\":443\"; ma=2592000,h3-Q043=\":443\"; ma=2592000,quic=\":443\"; ma=2592000; v=\"46,43\"","accept-ranges":"none","transfer-encoding":"chunked"}
[debug] [2020-05-14T15:30:17.238Z] >>> HTTP REQUEST GET https://firebase.googleapis.com/v1beta1/projects/raspy64-55ac5  
 
[debug] [2020-05-14T15:30:17.644Z] <<< HTTP RESPONSE 200 {"content-type":"application/json; charset=UTF-8","vary":"X-Origin, Referer, Origin,Accept-Encoding","date":"Thu, 14 May 2020 15:30:17 GMT","server":"ESF","cache-control":"private","x-xss-protection":"0","x-frame-options":"SAMEORIGIN","x-content-type-options":"nosniff","alt-svc":"h3-27=\":443\"; ma=2592000,h3-25=\":443\"; ma=2592000,h3-T050=\":443\"; ma=2592000,h3-Q050=\":443\"; ma=2592000,h3-Q049=\":443\"; ma=2592000,h3-Q048=\":443\"; ma=2592000,h3-Q046=\":443\"; ma=2592000,h3-Q043=\":443\"; ma=2592000,quic=\":443\"; ma=2592000; v=\"46,43\"","accept-ranges":"none","transfer-encoding":"chunked"}
[info] 
[info] === Serving from '/home/codeme/Documents/sss/raspadinhas64/raspy64/raspy64'...
[info] 
[debug] [2020-05-14T15:30:17.652Z] >>> HTTP REQUEST GET https://firebase.googleapis.com/v1beta1/projects/raspy64-55ac5/webApps/-/config  
 
[debug] [2020-05-14T15:30:18.360Z] <<< HTTP RESPONSE 200 {"content-type":"application/json; charset=UTF-8","vary":"X-Origin, Referer, Origin,Accept-Encoding","date":"Thu, 14 May 2020 15:30:18 GMT","server":"ESF","cache-control":"private","x-xss-protection":"0","x-frame-options":"SAMEORIGIN","x-content-type-options":"nosniff","alt-svc":"h3-27=\":443\"; ma=2592000,h3-25=\":443\"; ma=2592000,h3-T050=\":443\"; ma=2592000,h3-Q050=\":443\"; ma=2592000,h3-Q049=\":443\"; ma=2592000,h3-Q048=\":443\"; ma=2592000,h3-Q046=\":443\"; ma=2592000,h3-Q043=\":443\"; ma=2592000,quic=\":443\"; ma=2592000; v=\"46,43\"","accept-ranges":"none","transfer-encoding":"chunked"}
[info] i  hosting: Serving hosting files from: public
[info] ✔  hosting: Local server: http://localhost:5000
